2025-05-07 19:50:20,196 - INFO - Chamado CHAM-1746658220-0 adicionado à fila
2025-05-07 19:50:20,197 - INFO - Sistema iniciado
2025-05-07 19:50:20,253 - INFO -  * Restarting with stat
2025-05-07 19:50:21,082 - INFO - Chamado CHAM-1746658221-0 adicionado à fila
2025-05-07 19:50:21,082 - INFO - Sistema iniciado
2025-05-07 19:50:21,087 - WARNING -  * Debugger is active!
2025-05-07 19:50:21,090 - INFO -  * Debugger PIN: 118-265-593
2025-05-07 19:50:25,197 - INFO - Processando chamado CHAM-1746658220-0
2025-05-07 19:50:26,083 - INFO - Processando chamado CHAM-1746658221-0
2025-05-07 19:55:29,727 - INFO - Chamado CHAM-1746658529-0 adicionado à fila
2025-05-07 19:55:29,727 - INFO - Sistema iniciado
2025-05-07 19:55:29,731 - INFO -  * Restarting with stat
2025-05-07 19:55:30,566 - INFO - Chamado CHAM-1746658530-0 adicionado à fila
2025-05-07 19:55:30,566 - INFO - Sistema iniciado
2025-05-07 19:55:30,570 - WARNING -  * Debugger is active!
2025-05-07 19:55:30,573 - INFO -  * Debugger PIN: 118-265-593
2025-05-07 19:55:34,728 - INFO - Processando chamado CHAM-1746658529-0
2025-05-07 19:55:34,791 - INFO - Notificação enviada: Chamado Urgente na Fila!
2025-05-07 19:55:35,566 - INFO - Processando chamado CHAM-1746658530-0
2025-05-07 19:55:35,571 - INFO - Notificação enviada: Chamado Urgente na Fila!
2025-05-07 19:57:11,210 - INFO - Chamado CHAM-1746658631-0 adicionado à fila
2025-05-07 19:57:11,211 - INFO - Sistema iniciado
2025-05-07 19:57:11,214 - INFO -  * Restarting with stat
2025-05-07 19:57:12,049 - INFO - Chamado CHAM-1746658632-0 adicionado à fila
2025-05-07 19:57:12,049 - INFO - Sistema iniciado
2025-05-07 19:57:12,053 - WARNING -  * Debugger is active!
2025-05-07 19:57:12,055 - INFO -  * Debugger PIN: 118-265-593
2025-05-07 19:57:16,211 - INFO - Processando chamado CHAM-1746658631-0
2025-05-07 19:57:16,216 - INFO - Notificação enviada: Chamado Urgente na Fila!
2025-05-07 19:57:17,049 - INFO - Processando chamado CHAM-1746658632-0
2025-05-07 19:57:17,054 - INFO - Notificação enviada: Chamado Urgente na Fila!
2025-05-07 20:01:27,869 - INFO - Chamado CHAM-1746658887-0 adicionado à fila
2025-05-07 20:01:27,870 - INFO - Sistema iniciado
2025-05-07 20:01:27,875 - INFO -  * Restarting with stat
2025-05-07 20:01:28,704 - INFO - Chamado CHAM-1746658888-0 adicionado à fila
2025-05-07 20:01:28,704 - INFO - Sistema iniciado
2025-05-07 20:01:28,708 - WARNING -  * Debugger is active!
2025-05-07 20:01:28,711 - INFO -  * Debugger PIN: 118-265-593
2025-05-07 20:01:32,870 - INFO - Processando chamado CHAM-1746658887-0
2025-05-07 20:01:32,889 - INFO - Notificação enviada: Chamado Urgente na Fila!
2025-05-07 20:01:33,705 - INFO - Processando chamado CHAM-1746658888-0
2025-05-07 20:01:33,719 - INFO - Notificação enviada: Chamado Urgente na Fila!
2025-05-07 20:08:50,932 - INFO - Fila atualizada e emitida via WebSocket.
2025-05-07 20:08:50,932 - INFO - Chamado CHAM-1746659330-0 adicionado à fila
2025-05-07 20:08:50,932 - INFO - Sistema iniciado
2025-05-07 20:08:50,936 - INFO -  * Restarting with stat
2025-05-07 20:08:51,791 - INFO - Fila atualizada e emitida via WebSocket.
2025-05-07 20:08:51,792 - INFO - Chamado CHAM-1746659331-0 adicionado à fila
2025-05-07 20:08:51,792 - INFO - Sistema iniciado
2025-05-07 20:08:51,796 - WARNING -  * Debugger is active!
2025-05-07 20:08:51,798 - INFO -  * Debugger PIN: 118-265-593
2025-05-07 20:08:55,932 - INFO - Fila atualizada e emitida via WebSocket.
2025-05-07 20:08:55,933 - INFO - Processando chamado CHAM-1746659330-0
2025-05-07 20:08:55,948 - INFO - Notificação enviada: Chamado Urgente na Fila!
2025-05-07 20:08:56,792 - INFO - Fila atualizada e emitida via WebSocket.
2025-05-07 20:08:56,793 - INFO - Processando chamado CHAM-1746659331-0
2025-05-07 20:08:56,807 - INFO - Notificação enviada: Chamado Urgente na Fila!
2025-05-07 20:09:37,065 - INFO - Fila atualizada e emitida via WebSocket.
2025-05-07 20:09:37,065 - INFO - Chamado CHAM-1746659377-0 adicionado à fila
2025-05-07 20:09:37,066 - INFO - Sistema iniciado
2025-05-07 20:09:37,069 - INFO -  * Restarting with stat
2025-05-07 20:09:37,909 - INFO - Fila atualizada e emitida via WebSocket.
2025-05-07 20:09:37,910 - INFO - Chamado CHAM-1746659377-0 adicionado à fila
2025-05-07 20:09:37,910 - INFO - Sistema iniciado
2025-05-07 20:09:37,914 - WARNING -  * Debugger is active!
2025-05-07 20:09:37,916 - INFO -  * Debugger PIN: 118-265-593
2025-05-07 20:09:42,066 - INFO - Fila atualizada e emitida via WebSocket.
2025-05-07 20:09:42,067 - INFO - Processando chamado CHAM-1746659377-0
2025-05-07 20:09:42,077 - INFO - Notificação enviada: Chamado Urgente na Fila!
2025-05-07 20:09:42,910 - INFO - Fila atualizada e emitida via WebSocket.
2025-05-07 20:09:42,911 - INFO - Processando chamado CHAM-1746659377-0
2025-05-07 20:09:42,915 - INFO - Notificação enviada: Chamado Urgente na Fila!
2025-05-07 20:10:08,319 - INFO - Fila atualizada e emitida via WebSocket.
2025-05-07 20:10:08,319 - INFO - Chamado CHAM-1746659408-0 adicionado à fila
2025-05-07 20:10:08,320 - INFO - Sistema iniciado
2025-05-07 20:10:08,324 - INFO -  * Restarting with stat
2025-05-07 20:10:09,224 - INFO - Fila atualizada e emitida via WebSocket.
2025-05-07 20:10:09,225 - INFO - Chamado CHAM-1746659409-0 adicionado à fila
2025-05-07 20:10:09,225 - INFO - Sistema iniciado
2025-05-07 20:10:09,229 - WARNING -  * Debugger is active!
2025-05-07 20:10:09,232 - INFO -  * Debugger PIN: 118-265-593
2025-05-07 20:10:13,320 - INFO - Fila atualizada e emitida via WebSocket.
2025-05-07 20:10:13,321 - INFO - Processando chamado CHAM-1746659408-0
2025-05-07 20:10:13,331 - INFO - Notificação enviada: Chamado Urgente na Fila!
2025-05-07 20:10:14,225 - INFO - Fila atualizada e emitida via WebSocket.
2025-05-07 20:10:14,225 - INFO - Processando chamado CHAM-1746659409-0
2025-05-07 20:10:14,230 - INFO - Notificação enviada: Chamado Urgente na Fila!
2025-05-07 20:11:04,450 - INFO - Fila atualizada e emitida via WebSocket.
2025-05-07 20:11:04,451 - INFO - Chamado CHAM-1746659464-0 adicionado à fila
2025-05-07 20:11:04,451 - INFO - Sistema iniciado
2025-05-07 20:11:04,455 - INFO -  * Restarting with stat
2025-05-07 20:11:05,260 - INFO - Fila atualizada e emitida via WebSocket.
2025-05-07 20:11:05,261 - INFO - Chamado CHAM-1746659465-0 adicionado à fila
2025-05-07 20:11:05,261 - INFO - Sistema iniciado
2025-05-07 20:11:05,265 - WARNING -  * Debugger is active!
2025-05-07 20:11:05,267 - INFO -  * Debugger PIN: 118-265-593
2025-05-07 20:11:09,451 - INFO - Fila atualizada e emitida via WebSocket.
2025-05-07 20:11:09,453 - INFO - Processando chamado CHAM-1746659464-0
2025-05-07 20:11:09,472 - INFO - Notificação enviada: Chamado Urgente na Fila!
2025-05-07 20:11:10,261 - INFO - Fila atualizada e emitida via WebSocket.
2025-05-07 20:11:10,261 - INFO - Processando chamado CHAM-1746659465-0
2025-05-07 20:11:10,267 - INFO - Notificação enviada: Chamado Urgente na Fila!
2025-05-07 20:11:52,260 - INFO - Fila atualizada e emitida via WebSocket.
2025-05-07 20:11:52,260 - INFO - Chamado CHAM-1746659512-0 adicionado à fila
2025-05-07 20:11:52,260 - INFO - Sistema iniciado
2025-05-07 20:11:52,264 - INFO -  * Restarting with stat
2025-05-07 20:11:53,144 - INFO - Fila atualizada e emitida via WebSocket.
2025-05-07 20:11:53,144 - INFO - Chamado CHAM-1746659513-0 adicionado à fila
2025-05-07 20:11:53,144 - INFO - Sistema iniciado
2025-05-07 20:11:53,149 - WARNING -  * Debugger is active!
2025-05-07 20:11:53,153 - INFO -  * Debugger PIN: 118-265-593
2025-05-07 20:11:57,260 - INFO - Fila atualizada e emitida via WebSocket.
2025-05-07 20:11:57,261 - INFO - Processando chamado CHAM-1746659512-0
2025-05-07 20:11:57,267 - INFO - Notificação enviada: Chamado Urgente na Fila!
2025-05-07 20:11:58,145 - INFO - Fila atualizada e emitida via WebSocket.
2025-05-07 20:11:58,145 - INFO - Processando chamado CHAM-1746659513-0
2025-05-07 20:11:58,151 - INFO - Notificação enviada: Chamado Urgente na Fila!
2025-05-07 20:14:22,790 - INFO - Fila atualizada e emitida via WebSocket.
2025-05-07 20:14:22,790 - INFO - Chamado CHAM-1746659662-0 adicionado à fila
2025-05-07 20:14:22,791 - INFO - Sistema iniciado
2025-05-07 20:14:22,796 - INFO -  * Restarting with stat
2025-05-07 20:14:23,742 - INFO - Fila atualizada e emitida via WebSocket.
2025-05-07 20:14:23,742 - INFO - Chamado CHAM-1746659663-0 adicionado à fila
2025-05-07 20:14:23,743 - INFO - Sistema iniciado
2025-05-07 20:14:23,749 - WARNING -  * Debugger is active!
2025-05-07 20:14:23,751 - INFO -  * Debugger PIN: 118-265-593
2025-05-07 20:14:27,790 - INFO - Fila atualizada e emitida via WebSocket.
2025-05-07 20:14:27,792 - INFO - Processando chamado CHAM-1746659662-0
2025-05-07 20:14:27,812 - INFO - Notificação enviada: Chamado Urgente na Fila!
2025-05-07 20:14:28,742 - INFO - Fila atualizada e emitida via WebSocket.
2025-05-07 20:14:28,744 - INFO - Processando chamado CHAM-1746659663-0
2025-05-07 20:14:28,761 - INFO - Notificação enviada: Chamado Urgente na Fila!
